<?xml version="1.0" encoding="UTF-8"?>
<testsuite xmlns:xsi="http://www.w3.org/2001/XMLSchema-instance" xsi:noNamespaceSchemaLocation="https://maven.apache.org/surefire/maven-surefire-plugin/xsd/surefire-test-report-3.0.xsd" version="3.0" name="runners.TestRunner" time="0.676" tests="1" errors="1" skipped="0" failures="0">
  <properties>
[...]
</properties>
  <testcase name="" classname="runners.TestRunner" time="0.674">
    <error message="You&apos;re not allowed to extend classes that define Step Definitions or hooks. class steps.ContactsSteps extends class com.qacart.base.Base" type="io.cucumber.java.InvalidMethodException"><![CDATA[io.cucumber.java.InvalidMethodException: You're not allowed to extend classes that define Step Definitions or hooks. class steps.ContactsSteps extends class com.qacart.base.Base
	at io.cucumber.java.InvalidMethodException.createInvalidMethodException(InvalidMethodException.java:16)
	at io.cucumber.java.MethodScanner.validateMethod(MethodScanner.java:76)
	at io.cucumber.java.MethodScanner.scan(MethodScanner.java:66)
	at io.cucumber.java.MethodScanner.scan(MethodScanner.java:58)
	at io.cucumber.java.MethodScanner.scan(MethodScanner.java:33)
	at io.cucumber.java.JavaBackend.lambda$loadGlue$2(JavaBackend.java:41)
	at java.base/java.util.stream.ForEachOps$ForEachOp$OfRef.accept(ForEachOps.java:183)
	at java.base/java.util.stream.DistinctOps$1$2.accept(DistinctOps.java:174)
	at java.base/java.util.ArrayList$ArrayListSpliterator.forEachRemaining(ArrayList.java:1625)
	at java.base/java.util.stream.ReferencePipeline$Head.forEach(ReferencePipeline.java:762)
	at java.base/java.util.stream.ReferencePipeline$7$1.accept(ReferencePipeline.java:276)
	at java.base/java.util.stream.ReferencePipeline$3$1.accept(ReferencePipeline.java:197)
	at java.base/java.util.stream.ReferencePipeline$3$1.accept(ReferencePipeline.java:197)
	at java.base/java.util.stream.ReferencePipeline$2$1.accept(ReferencePipeline.java:179)
	at java.base/java.util.ArrayList$ArrayListSpliterator.forEachRemaining(ArrayList.java:1625)
	at java.base/java.util.stream.AbstractPipeline.copyInto(AbstractPipeline.java:509)
	at java.base/java.util.stream.AbstractPipeline.wrapAndCopyInto(AbstractPipeline.java:499)
	at java.base/java.util.stream.ForEachOps$ForEachOp.evaluateSequential(ForEachOps.java:150)
	at java.base/java.util.stream.ForEachOps$ForEachOp$OfRef.evaluateSequential(ForEachOps.java:173)
	at java.base/java.util.stream.AbstractPipeline.evaluate(AbstractPipeline.java:234)
	at java.base/java.util.stream.ReferencePipeline.forEach(ReferencePipeline.java:596)
	at io.cucumber.java.JavaBackend.loadGlue(JavaBackend.java:41)
	at io.cucumber.core.runner.Runner.<init>(Runner.java:56)
	at io.cucumber.core.runtime.ThreadLocalRunnerSupplier.createRunner(ThreadLocalRunnerSupplier.java:47)
	at java.base/java.lang.ThreadLocal$SuppliedThreadLocal.initialValue(ThreadLocal.java:361)
	at java.base/java.lang.ThreadLocal.setInitialValue(ThreadLocal.java:226)
	at java.base/java.lang.ThreadLocal.get(ThreadLocal.java:195)
	at java.base/java.lang.ThreadLocal.get(ThreadLocal.java:169)
	at io.cucumber.core.runtime.ThreadLocalRunnerSupplier.get(ThreadLocalRunnerSupplier.java:40)
	at io.cucumber.core.runtime.RethrowingThrowableCollector.executeAndThrow(RethrowingThrowableCollector.java:35)
	at io.cucumber.core.runtime.CucumberExecutionContext.getRunner(CucumberExecutionContext.java:134)
	at io.cucumber.core.runtime.CucumberExecutionContext.runAfterAllHooks(CucumberExecutionContext.java:91)
	at io.cucumber.junit.Cucumber$RunAfterAllHooks.evaluate(Cucumber.java:283)
	at io.cucumber.junit.Cucumber$StartTestRun.evaluate(Cucumber.java:233)
	at io.cucumber.junit.Cucumber$FinishTestRun.evaluate(Cucumber.java:248)
	at org.junit.runners.ParentRunner$3.evaluate(ParentRunner.java:306)
	at org.junit.runners.ParentRunner.run(ParentRunner.java:413)
	at org.apache.maven.surefire.junit4.JUnit4Provider.execute(JUnit4Provider.java:316)
	at org.apache.maven.surefire.junit4.JUnit4Provider.executeWithRerun(JUnit4Provider.java:240)
	at org.apache.maven.surefire.junit4.JUnit4Provider.executeTestSet(JUnit4Provider.java:214)
	at org.apache.maven.surefire.junit4.JUnit4Provider.invoke(JUnit4Provider.java:155)
	at org.apache.maven.surefire.booter.ForkedBooter.runSuitesInProcess(ForkedBooter.java:385)
	at org.apache.maven.surefire.booter.ForkedBooter.execute(ForkedBooter.java:162)
	at org.apache.maven.surefire.booter.ForkedBooter.run(ForkedBooter.java:507)
	at org.apache.maven.surefire.booter.ForkedBooter.main(ForkedBooter.java:495)
]]></error>
    <system-out><![CDATA[      io.cucumber.core.exception.CompositeCucumberException: There were 2 exceptions. The details are in the stacktrace below.
	at io.cucumber.core.runtime.RethrowingThrowableCollector.getThrowable(RethrowingThrowableCollector.java:57)
	at io.cucumber.core.runtime.CucumberExecutionContext.getThrowable(CucumberExecutionContext.java:102)
	at io.cucumber.core.runtime.CucumberExecutionContext.finishTestRun(CucumberExecutionContext.java:97)
	at io.cucumber.junit.Cucumber$FinishTestRun.evaluate(Cucumber.java:250)
	at org.junit.runners.ParentRunner$3.evaluate(ParentRunner.java:306)
	at org.junit.runners.ParentRunner.run(ParentRunner.java:413)
	at org.apache.maven.surefire.junit4.JUnit4Provider.execute(JUnit4Provider.java:316)
	at org.apache.maven.surefire.junit4.JUnit4Provider.executeWithRerun(JUnit4Provider.java:240)
	at org.apache.maven.surefire.junit4.JUnit4Provider.executeTestSet(JUnit4Provider.java:214)
	at org.apache.maven.surefire.junit4.JUnit4Provider.invoke(JUnit4Provider.java:155)
	at org.apache.maven.surefire.booter.ForkedBooter.runSuitesInProcess(ForkedBooter.java:385)
	at org.apache.maven.surefire.booter.ForkedBooter.execute(ForkedBooter.java:162)
	at org.apache.maven.surefire.booter.ForkedBooter.run(ForkedBooter.java:507)
	at org.apache.maven.surefire.booter.ForkedBooter.main(ForkedBooter.java:495)
	Suppressed: io.cucumber.java.InvalidMethodException: You're not allowed to extend classes that define Step Definitions or hooks. class steps.ContactsSteps extends class com.qacart.base.Base
		at io.cucumber.java.InvalidMethodException.createInvalidMethodException(InvalidMethodException.java:16)
		at io.cucumber.java.MethodScanner.validateMethod(MethodScanner.java:76)
		at io.cucumber.java.MethodScanner.scan(MethodScanner.java:66)
		at io.cucumber.java.MethodScanner.scan(MethodScanner.java:58)
		at io.cucumber.java.MethodScanner.scan(MethodScanner.java:33)
		at io.cucumber.java.JavaBackend.lambda$loadGlue$2(JavaBackend.java:41)
		at java.base/java.util.stream.ForEachOps$ForEachOp$OfRef.accept(ForEachOps.java:183)
		at java.base/java.util.stream.DistinctOps$1$2.accept(DistinctOps.java:174)
		at java.base/java.util.ArrayList$ArrayListSpliterator.forEachRemaining(ArrayList.java:1625)
		at java.base/java.util.stream.ReferencePipeline$Head.forEach(ReferencePipeline.java:762)
		at java.base/java.util.stream.ReferencePipeline$7$1.accept(ReferencePipeline.java:276)
		at java.base/java.util.stream.ReferencePipeline$3$1.accept(ReferencePipeline.java:197)
		at java.base/java.util.stream.ReferencePipeline$3$1.accept(ReferencePipeline.java:197)
		at java.base/java.util.stream.ReferencePipeline$2$1.accept(ReferencePipeline.java:179)
		at java.base/java.util.ArrayList$ArrayListSpliterator.forEachRemaining(ArrayList.java:1625)
		at java.base/java.util.stream.AbstractPipeline.copyInto(AbstractPipeline.java:509)
		at java.base/java.util.stream.AbstractPipeline.wrapAndCopyInto(AbstractPipeline.java:499)
		at java.base/java.util.stream.ForEachOps$ForEachOp.evaluateSequential(ForEachOps.java:150)
		at java.base/java.util.stream.ForEachOps$ForEachOp$OfRef.evaluateSequential(ForEachOps.java:173)
		at java.base/java.util.stream.AbstractPipeline.evaluate(AbstractPipeline.java:234)
		at java.base/java.util.stream.ReferencePipeline.forEach(ReferencePipeline.java:596)
		at io.cucumber.java.JavaBackend.loadGlue(JavaBackend.java:41)
		at io.cucumber.core.runner.Runner.<init>(Runner.java:56)
		at io.cucumber.core.runtime.ThreadLocalRunnerSupplier.createRunner(ThreadLocalRunnerSupplier.java:47)
		at java.base/java.lang.ThreadLocal$SuppliedThreadLocal.initialValue(ThreadLocal.java:361)
		at java.base/java.lang.ThreadLocal.setInitialValue(ThreadLocal.java:226)
		at java.base/java.lang.ThreadLocal.get(ThreadLocal.java:195)
		at java.base/java.lang.ThreadLocal.get(ThreadLocal.java:169)
		at io.cucumber.core.runtime.ThreadLocalRunnerSupplier.get(ThreadLocalRunnerSupplier.java:40)
		at io.cucumber.core.runtime.RethrowingThrowableCollector.executeAndThrow(RethrowingThrowableCollector.java:35)
		at io.cucumber.core.runtime.CucumberExecutionContext.getRunner(CucumberExecutionContext.java:134)
		at io.cucumber.core.runtime.CucumberExecutionContext.runBeforeAllHooks(CucumberExecutionContext.java:86)
		at io.cucumber.junit.Cucumber$RunBeforeAllHooks.evaluate(Cucumber.java:265)
		at io.cucumber.junit.Cucumber$RunAfterAllHooks.evaluate(Cucumber.java:281)
		at io.cucumber.junit.Cucumber$StartTestRun.evaluate(Cucumber.java:233)
		at io.cucumber.junit.Cucumber$FinishTestRun.evaluate(Cucumber.java:248)
		... 10 more
	Suppressed: io.cucumber.java.InvalidMethodException: You're not allowed to extend classes that define Step Definitions or hooks. class steps.ContactsSteps extends class com.qacart.base.Base
		at io.cucumber.java.InvalidMethodException.createInvalidMethodException(InvalidMethodException.java:16)
		at io.cucumber.java.MethodScanner.validateMethod(MethodScanner.java:76)
		at io.cucumber.java.MethodScanner.scan(MethodScanner.java:66)
		at io.cucumber.java.MethodScanner.scan(MethodScanner.java:58)
		at io.cucumber.java.MethodScanner.scan(MethodScanner.java:33)
		at io.cucumber.java.JavaBackend.lambda$loadGlue$2(JavaBackend.java:41)
		at java.base/java.util.stream.ForEachOps$ForEachOp$OfRef.accept(ForEachOps.java:183)
		at java.base/java.util.stream.DistinctOps$1$2.accept(DistinctOps.java:174)
		at java.base/java.util.ArrayList$ArrayListSpliterator.forEachRemaining(ArrayList.java:1625)
		at java.base/java.util.stream.ReferencePipeline$Head.forEach(ReferencePipeline.java:762)
		at java.base/java.util.stream.ReferencePipeline$7$1.accept(ReferencePipeline.java:276)
		at java.base/java.util.stream.ReferencePipeline$3$1.accept(ReferencePipeline.java:197)
		at java.base/java.util.stream.ReferencePipeline$3$1.accept(ReferencePipeline.java:197)
		at java.base/java.util.stream.ReferencePipeline$2$1.accept(ReferencePipeline.java:179)
		at java.base/java.util.ArrayList$ArrayListSpliterator.forEachRemaining(ArrayList.java:1625)
		at java.base/java.util.stream.AbstractPipeline.copyInto(AbstractPipeline.java:509)
		at java.base/java.util.stream.AbstractPipeline.wrapAndCopyInto(AbstractPipeline.java:499)
		at java.base/java.util.stream.ForEachOps$ForEachOp.evaluateSequential(ForEachOps.java:150)
		at java.base/java.util.stream.ForEachOps$ForEachOp$OfRef.evaluateSequential(ForEachOps.java:173)
		at java.base/java.util.stream.AbstractPipeline.evaluate(AbstractPipeline.java:234)
		at java.base/java.util.stream.ReferencePipeline.forEach(ReferencePipeline.java:596)
		at io.cucumber.java.JavaBackend.loadGlue(JavaBackend.java:41)
		at io.cucumber.core.runner.Runner.<init>(Runner.java:56)
		at io.cucumber.core.runtime.ThreadLocalRunnerSupplier.createRunner(ThreadLocalRunnerSupplier.java:47)
		at java.base/java.lang.ThreadLocal$SuppliedThreadLocal.initialValue(ThreadLocal.java:361)
		at java.base/java.lang.ThreadLocal.setInitialValue(ThreadLocal.java:226)
		at java.base/java.lang.ThreadLocal.get(ThreadLocal.java:195)
		at java.base/java.lang.ThreadLocal.get(ThreadLocal.java:169)
		at io.cucumber.core.runtime.ThreadLocalRunnerSupplier.get(ThreadLocalRunnerSupplier.java:40)
		at io.cucumber.core.runtime.RethrowingThrowableCollector.executeAndThrow(RethrowingThrowableCollector.java:35)
		at io.cucumber.core.runtime.CucumberExecutionContext.getRunner(CucumberExecutionContext.java:134)
		at io.cucumber.core.runtime.CucumberExecutionContext.runAfterAllHooks(CucumberExecutionContext.java:91)
		at io.cucumber.junit.Cucumber$RunAfterAllHooks.evaluate(Cucumber.java:283)
		at io.cucumber.junit.Cucumber$StartTestRun.evaluate(Cucumber.java:233)
		at io.cucumber.junit.Cucumber$FinishTestRun.evaluate(Cucumber.java:248)
		... 10 more

]]></system-out>
    <system-err><![CDATA[┌───────────────────────────────────────────────────────────────────────────────────┐
│ Share your Cucumber Report with your team at https://reports.cucumber.io          │
│ Activate publishing with one of the following:                                    │
│                                                                                   │
│ src/test/resources/cucumber.properties:          cucumber.publish.enabled=true    │
│ src/test/resources/junit-platform.properties:    cucumber.publish.enabled=true    │
│ Environment variable:                            CUCUMBER_PUBLISH_ENABLED=true    │
│ JUnit:                                           @CucumberOptions(publish = true) │
│                                                                                   │
│ More information at https://cucumber.io/docs/cucumber/environment-variables/      │
│                                                                                   │
│ Disable this message with one of the following:                                   │
│                                                                                   │
│ src/test/resources/cucumber.properties:          cucumber.publish.quiet=true      │
│ src/test/resources/junit-platform.properties:    cucumber.publish.quiet=true      │
└───────────────────────────────────────────────────────────────────────────────────┘
]]></system-err>
  </testcase>
</testsuite>